C51 COMPILER V9.60.7.0   MILEAGE                                                           08/15/2025 17:22:19 PAGE 1   


C51 COMPILER V9.60.7.0, COMPILATION OF MODULE MILEAGE
OBJECT MODULE PLACED IN .\Release\Objects\mileage.obj
COMPILER INVOKED BY: C:\Keil_v5\C51\BIN\C51.EXE ..\..\User\mileage.c LARGE OPTIMIZE(9,SIZE) BROWSE ORDER INTVECTOR(0X000
                    -C) INCDIR(..\..\Libraries\Include;..\..\User;..\..\User\lib;..\..\Hardware) INTERVAL(3) DEBUG OBJECTEXTEND PRINT(.\Relea
                    -se\Listings\mileage.lst) OBJECT(.\Release\Objects\mileage.obj)

line level    source

   1          // encoding UTF-8
   2          // mileage.c
   3          #include "mileage.h"
   4          
   5          volatile u16 mileage_save_time_cnt; // 里程扫描所需的计数值,每隔一定时间将里程写入fla
             -sh
   6          volatile u32 distance;              // 存放每次扫描时走过的路程（单位：毫米）-->用于
             -程表的计数
   7          
   8          volatile u16 mileage_update_time_cnt; // 里程更新的时间计数,每隔一段时间更新一次当前
             -程（负责控制发送里程的周期）
   9          
  10          // 总里程扫描
  11          void mileage_scan(void)
  12          {
  13   1          // 下面这组变量用来控制每走过一段距离时，发送里程数据
  14   1          static u32 old_total_mileage;      // 用来记录旧的大计里程的变量
  15   1          static u32 old_subtotal_mileage;   // 用来记录旧的小计里程的变量
  16   1          static u32 old_subtotal_mileage_2; // 用来记录旧的小计里程2的变量
  17   1      
  18   1          /*
  19   1              是否有里程数据需要保存的标志变量，0--没有里程变化，不需要保存，1--
             -里程变化，需要保存
  20   1              目前每过1m就会置位一次，保存之后清零
  21   1          */
  22   1          static volatile bit flag_is_any_mileage_save;
  23   1      
  24   1          /*
  25   1              速度为0，里程变化一次就保存一次
  26   1              速度不为0， 每30s且里程有变化，则保存一次，每走过100m也保存一次
  27   1          */
  28   1          // if (mileage_save_time_cnt >= 30000) // 30 000 ms -- 30s
  29   1          // {
  30   1          //     if (fun_info.speed > 0 && flag_is_any_mileage_save)
  31   1          //     {
  32   1          //         // 速度大于0且里程有变化
  33   1          //         // printf("30s \n");
  34   1          //         fun_info_save(); // 将 fun_info 写回flash
  35   1          //         flag_is_any_mileage_save = 0;
  36   1          //     }
  37   1      
  38   1          //     mileage_save_time_cnt = 0;
  39   1          // }
  40   1      
  41   1          // 如果速度==0，里程有变化，每 1s 写入一次flash
  42   1          // if ((0 == fun_info.speed) &&           /* 当前速度为0 */
  43   1          //     (mileage_save_time_cnt >= 1000) && /* 1s 后 */
  44   1          //     flag_is_any_mileage_save)          /* 里程有变化，需要保存 */
  45   1          // {
  46   1          //     // printf("1s \n");
  47   1          //     fun_info_save();
  48   1          //     flag_is_any_mileage_save = 0;
  49   1          //     mileage_save_time_cnt = 0;
C51 COMPILER V9.60.7.0   MILEAGE                                                           08/15/2025 17:22:19 PAGE 2   

  50   1          // }
  51   1      
  52   1          // 每过1s，且里程有变化，就保存一次；这个里程变化的条件最好大于10m，否
             -会经常写入eeprom
  53   1          if ((mileage_save_time_cnt >= 1000) && /* 1s后 */
  54   1              flag_is_any_mileage_save)          /* 里程有变化，需要保存 */
  55   1          {
  56   2              fun_info_save();
  57   2              flag_is_any_mileage_save = 0;
  58   2              mileage_save_time_cnt = 0;
  59   2      
  60   2              // printf("mile save\n");
  61   2      
  62   2              // printf("total_mileage %lu\n", fun_info.save_info.total_mileage);
  63   2              // printf("sub_total_mileage %lu\n", fun_info.save_info.subtotal_mileage);
  64   2              // printf("sub_total_mileage_2 %lu\n", fun_info.save_info.subtotal_mileage_2);
  65   2          }
  66   1      
  67   1          if (distance >= 1000) // 1000mm -- 1m
  68   1          {
  69   2              // 如果走过的距离超过了1m，再进行保存（保存到变量）
  70   2              if (fun_info.save_info.total_mileage < (u32)(999999 * 1000)) // 99 9999 KM
  71   2              {
  72   3                  fun_info.save_info.total_mileage++; // +1m
  73   3              }
  74   2      
  75   2              if (fun_info.save_info.subtotal_mileage < (u32)(9999999)) // 9999.9KM， 9999 999 m
  76   2              {
  77   3                  fun_info.save_info.subtotal_mileage++; // +1m
  78   3              }
  79   2      
  80   2              if (fun_info.save_info.subtotal_mileage_2 < (u32)(9999999)) // 9999.9KM， 9999 999 m
  81   2              {
  82   3                  fun_info.save_info.subtotal_mileage_2++; // +1m
  83   3              }
  84   2      
  85   2              distance -= 1000; // 剩下的、未保存的、不满1m的数据留到下一次再保存
  86   2      
  87   2              {
  88   3                  static u8 cnt = 0;
  89   3                  cnt++;
  90   3                  if (cnt >= 10) // cnt >= 10，说明走过了10m
  91   3                  {
  92   4                      cnt = 0;
  93   4                      flag_is_any_mileage_save = 1; // 表示需要把里程输入写入到flash
  94   4                  }
  95   3              }
  96   2          }
  97   1      
  98   1      #ifdef USE_INTERNATIONAL /* 公制单位 */
  99   1                               // 如果大计里程有变化且超过了100m(不能满1000m再发送，在显
             -上，会先更新大计里程，过几百ms才更新小计里程)
 100   1          if ((fun_info.save_info.total_mileage - old_total_mileage) > 100)
 101   1      #else /* USE_IMPERIAL // 英制单位 */
                  // 如果大计里程有变化且超过了161m(0.1英里)
                  if ((fun_info.save_info.total_mileage - old_total_mileage) > 161)
              #endif
 105   1          {
 106   2              old_total_mileage = fun_info.save_info.total_mileage; // 记录旧的里程
 107   2      
 108   2              // printf("total mileage: %lu m\n", fun_info.save_info.total_mileage);
 109   2      
C51 COMPILER V9.60.7.0   MILEAGE                                                           08/15/2025 17:22:19 PAGE 3   

 110   2              // 发送数据的操作，可以先置标志位
 111   2              flag_get_total_mileage = 1;
 112   2          }
 113   1      
 114   1      #ifdef USE_INTERNATIONAL /* 公制单位 */
 115   1                               // 如果小计里程有变化且超过了100m
 116   1          if ((fun_info.save_info.subtotal_mileage - old_subtotal_mileage) > 100)
 117   1      #else /* USE_IMPERIAL // 英制单位 */
                  // 如果小计里程有变化且超过了161m(0.1英里)
                  if ((fun_info.save_info.subtotal_mileage - old_subtotal_mileage) > 161)
              #endif
 121   1          {
 122   2              old_subtotal_mileage = fun_info.save_info.subtotal_mileage; // 记录旧的里程
 123   2      
 124   2              // printf("subtotal mileage: %lu m\n", fun_info.save_info.subtotal_mileage);
 125   2      
 126   2              // 发送数据的操作，可以先置标志位
 127   2              flag_get_sub_total_mileage = 1;
 128   2          }
 129   1      
 130   1          if ((fun_info.save_info.subtotal_mileage_2 - old_subtotal_mileage_2) > 100)
 131   1          {
 132   2              old_subtotal_mileage_2 = fun_info.save_info.subtotal_mileage_2; // 记录旧的里程
 133   2      
 134   2              // printf("subtotal mileage_2: %lu m\n", fun_info.save_info.subtotal_mileage_2);
 135   2      
 136   2              // 发送数据的操作，可以先置标志位
 137   2              flag_get_sub_total_mileage_2 = 1;
 138   2          }
 139   1      
 140   1          if (mileage_update_time_cnt >= MILEAGE_UPDATE_TIME_MS)
 141   1          {
 142   2              // 每隔一段时间，发送大小里程，
 143   2              // 因为最后大计里程在999999km,小计里程在999.9km之后，就不更新了，
 144   2              // 要在刷新一次，才会发送1000000km和1000.0km的大小里程
 145   2              mileage_update_time_cnt = 0;
 146   2              flag_get_total_mileage = 1; //
 147   2              flag_get_sub_total_mileage = 1;
 148   2              flag_get_sub_total_mileage_2 = 1;
 149   2          }
 150   1      }


MODULE INFORMATION:   STATIC OVERLAYABLE
   CODE SIZE        =    316    ----
   CONSTANT SIZE    =   ----    ----
   XDATA SIZE       =     21    ----
   PDATA SIZE       =   ----    ----
   DATA SIZE        =   ----    ----
   IDATA SIZE       =   ----    ----
   BIT SIZE         =      1    ----
END OF MODULE INFORMATION.


C51 COMPILATION COMPLETE.  0 WARNING(S),  0 ERROR(S)
